0 info it worked if it ends with ok
1 verbose cli [ 'C:\\nodejs\\node.exe',
1 verbose cli   'C:\\nodejs\\node_modules\\npm\\bin\\npm-cli.js',
1 verbose cli   'start' ]
2 info using npm@3.6.0
3 info using node@v5.6.0
4 verbose run-script [ 'prestart', 'start', 'poststart' ]
5 info lifecycle angular-seed@0.0.0~prestart: angular-seed@0.0.0
6 verbose lifecycle angular-seed@0.0.0~prestart: unsafe-perm in lifecycle true
7 verbose lifecycle angular-seed@0.0.0~prestart: PATH: C:\nodejs\node_modules\npm\bin\node-gyp-bin;C:\Users\AMathil1\Desktop\angular-seed\node_modules\.bin;C:\Users\AMathil1\bin;C:\Program Files\Git\mingw64\bin;C:\Program Files\Git\usr\local\bin;C:\Program Files\Git\usr\bin;C:\Program Files\Git\usr\bin;C:\Program Files\Git\mingw64\bin;C:\Program Files\Git\usr\bin;C:\Users\AMathil1\bin;C:\windows\system32;C:\windows;C:\windows\System32\Wbem;C:\windows\System32\WindowsPowerShell\v1.0;C:\Program Files (x86)\Common Files\Roxio Shared\DLLShared;C:\Program Files\Java\jdk1.7.0_51\bin;C:\Program Files (x86)\Common Files\Roxio Shared\OEM\DLLShared;C:\Program Files (x86)\Common Files\Roxio Shared\OEM\DLLShared;C:\Program Files (x86)\Common Files\Roxio Shared\OEM\12.0\DLLShared;C:\Program Files (x86)\Roxio\OEM\AudioCore;C:\Program Files\Microsoft SQL Server\100\DTS\Binn;C:\Program Files (x86)\Microsoft SQL Server\100\Tools\Binn\VSShell\Common7\IDE;C:\Program Files (x86)\Microsoft SQL Server\100\Tools\Binn;C:\Program Files\Microsoft SQL Server\100\Tools\Binn;C:\Program Files (x86)\Microsoft Visual Studio 9.0\Common7\IDE\PrivateAssemblies;C:\Program Files (x86)\Microsoft SQL Server\100\DTS\Binn;C:\Program Files (x86)\Common Files\Acronis\SnapAPI;C:\Program Files (x86)\Intel\OpenCL SDK\2.0\bin\x86;C:\Program Files (x86)\Intel\OpenCL SDK\2.0\bin\x64;C:\apache-maven-3.1.1\bin;C:\php-5.5.11;C:\Program Files (x86)\QuickTime\QTSystem;C:\Program Files\TortoiseSVN\bin;C:\GoogleSDK\google-cloud-sdk\bin;C:\Program Files (x86)\Plantronics\Spokes3G;C:\Program Files (x86)\Skype\Phone;C:\spark;C:\bin;C:\nodejs;C:\Program Files\Git\cmd;C:\Program Files (x86)\Heroku\bin;C:\Program Files (x86)\git\cmd;C:\Program Files (x86)\Git\cmd;C:\Program Files (x86)\Brackets\command;C:\Program Files (x86)\Symantec\VIP Access Client;C:\users\amathil1\appdata\local\enthought\canopy\user\scripts;C:\Ruby22-x64\bin;C:\Program Files (x86)\nodejs;C:\windows\system32;C:\windows;C:\windows\System32\Wbem;C:\windows\System32\WindowsPowerShell\v1.0;C:\Program Files (x86)\Common Files\Roxio Shared\DLLShared;C:\Program Files\Java\jdk1.7.0_51\bin;C:\Program Files (x86)\Common Files\Roxio Shared\OEM\DLLShared;C:\Program Files (x86)\Common Files\Roxio Shared\OEM\DLLShared;C:\Program Files (x86)\Common Files\Roxio Shared\OEM\12.0\DLLShared;C:\Program Files (x86)\Roxio\OEM\AudioCore;C:\Program Files\Microsoft SQL Server\100\DTS\Binn;C:\Program Files (x86)\Microsoft SQL Server\100\Tools\Binn\VSShell\Common7\IDE;C:\Program Files (x86)\Microsoft SQL Server\100\Tools\Binn;C:\Program Files\Microsoft SQL Server\100\Tools\Binn;C:\Program Files (x86)\Microsoft Visual Studio 9.0\Common7\IDE\PrivateAssemblies;C:\Program Files (x86)\Microsoft SQL Server\100\DTS\Binn;C:\Program Files (x86)\Common Files\Acronis\SnapAPI;C:\Program Files (x86)\Intel\OpenCL;C:\spark\bin;C:\nodejs\node_modules\npm;C:\Program Files\Git\usr\bin\vendor_perl;C:\Program Files\Git\usr\bin\core_perl
8 verbose lifecycle angular-seed@0.0.0~prestart: CWD: C:\Users\AMathil1\Desktop\angular-seed
9 silly lifecycle angular-seed@0.0.0~prestart: Args: [ '/d /s /c', 'npm install' ]
10 silly lifecycle angular-seed@0.0.0~prestart: Returned: code: 4294963248  signal: null
11 info lifecycle angular-seed@0.0.0~prestart: Failed to exec prestart script
12 verbose stack Error: angular-seed@0.0.0 prestart: `npm install`
12 verbose stack Exit status 4294963248
12 verbose stack     at EventEmitter.<anonymous> (C:\nodejs\node_modules\npm\lib\utils\lifecycle.js:232:16)
12 verbose stack     at emitTwo (events.js:100:13)
12 verbose stack     at EventEmitter.emit (events.js:185:7)
12 verbose stack     at ChildProcess.<anonymous> (C:\nodejs\node_modules\npm\lib\utils\spawn.js:24:14)
12 verbose stack     at emitTwo (events.js:100:13)
12 verbose stack     at ChildProcess.emit (events.js:185:7)
12 verbose stack     at maybeClose (internal/child_process.js:827:16)
12 verbose stack     at Process.ChildProcess._handle.onexit (internal/child_process.js:211:5)
13 verbose pkgid angular-seed@0.0.0
14 verbose cwd C:\Users\AMathil1\Desktop\angular-seed\app
15 error Windows_NT 6.1.7601
16 error argv "C:\\nodejs\\node.exe" "C:\\nodejs\\node_modules\\npm\\bin\\npm-cli.js" "start"
17 error node v5.6.0
18 error npm  v3.6.0
19 error code ELIFECYCLE
20 error angular-seed@0.0.0 prestart: `npm install`
20 error Exit status 4294963248
21 error Failed at the angular-seed@0.0.0 prestart script 'npm install'.
21 error Make sure you have the latest version of node.js and npm installed.
21 error If you do, this is most likely a problem with the angular-seed package,
21 error not with npm itself.
21 error Tell the author that this fails on your system:
21 error     npm install
21 error You can get information on how to open an issue for this project with:
21 error     npm bugs angular-seed
21 error Or if that isn't available, you can get their info via:
21 error     npm owner ls angular-seed
21 error There is likely additional logging output above.
22 verbose exit [ 1, true ]
